<?xml version="1.0" encoding="UTF-8"?>
<testsuite xmlns:xsi="http://www.w3.org/2001/XMLSchema-instance" xsi:noNamespaceSchemaLocation="https://maven.apache.org/surefire/maven-surefire-plugin/xsd/surefire-test-report.xsd" version="3.0.2" name="com.example.webdienthoai.service.ShippingPricingTest" time="0.012" tests="4" errors="0" skipped="0" failures="0">
  <properties>
[...]
</properties>
  <testcase name="freeAboveThreshold" classname="com.example.webdienthoai.service.ShippingPricingTest" time="0.004"/>
  <testcase name="flatForZero" classname="com.example.webdienthoai.service.ShippingPricingTest" time="0.002"/>
  <testcase name="freeAtThreshold" classname="com.example.webdienthoai.service.ShippingPricingTest" time="0.0"/>
  <testcase name="flatBelowThreshold" classname="com.example.webdienthoai.service.ShippingPricingTest" time="0.001"/>
</testsuite>